Flow report for Introducao_FPGA
Tue Sep  2 22:59:08 2025
Quartus Prime Version 24.1std.0 Build 1077 03/04/2025 SC Standard Edition


---------------------
; Table of Contents ;
---------------------
  1. Legal Notice
  2. Flow Summary
  3. Flow Settings
  4. Flow Non-Default Global Settings
  5. Flow Elapsed Time
  6. Flow OS Summary
  7. Flow Log
  8. Flow Messages
  9. Flow Suppressed Messages



----------------
; Legal Notice ;
----------------
Copyright (C) 2025  Altera Corporation. All rights reserved.
Your use of Altera Corporation's design tools, logic functions 
and other software and tools, and any partner logic 
functions, and any output files from any of the foregoing 
(including device programming or simulation files), and any 
associated documentation or information are expressly subject 
to the terms and conditions of the Altera Program License 
Subscription Agreement, the Altera Quartus Prime License Agreement,
the Altera IP License Agreement, or other applicable license
agreement, including, without limitation, that your use is for
the sole purpose of programming logic devices manufactured by
Altera and sold by Altera or its authorized distributors.  Please
refer to the Altera Software License Subscription Agreements 
on the Quartus Prime software download page.



+------------------------------------------------------------------------------------------+
; Flow Summary                                                                             ;
+------------------------------------+-----------------------------------------------------+
; Flow Status                        ; Successful - Tue Sep  2 22:59:08 2025               ;
; Quartus Prime Version              ; 24.1std.0 Build 1077 03/04/2025 SC Standard Edition ;
; Revision Name                      ; Introducao_FPGA                                     ;
; Top-level Entity Name              ; Introducao_FPGA_And                                 ;
; Family                             ; Cyclone IV E                                        ;
; Total logic elements               ; 1 / 6,272 ( < 1 % )                                 ;
;     Total combinational functions  ; 1 / 6,272 ( < 1 % )                                 ;
;     Dedicated logic registers      ; 0 / 6,272 ( 0 % )                                   ;
; Total registers                    ; 0                                                   ;
; Total pins                         ; 3 / 92 ( 3 % )                                      ;
; Total virtual pins                 ; 0                                                   ;
; Total memory bits                  ; 0 / 276,480 ( 0 % )                                 ;
; Embedded Multiplier 9-bit elements ; 0 / 30 ( 0 % )                                      ;
; Total PLLs                         ; 0 / 2 ( 0 % )                                       ;
; Device                             ; EP4CE6E22C6                                         ;
; Timing Models                      ; Final                                               ;
+------------------------------------+-----------------------------------------------------+


+-----------------------------------------+
; Flow Settings                           ;
+-------------------+---------------------+
; Option            ; Setting             ;
+-------------------+---------------------+
; Start date & time ; 09/02/2025 22:50:34 ;
; Main task         ; Compilation         ;
; Revision Name     ; Introducao_FPGA     ;
+-------------------+---------------------+


+----------------------------------------------------------------------------------------------------------------------------------------------------------+
; Flow Non-Default Global Settings                                                                                                                         ;
+-------------------------------------+----------------------------------------+-----------------+---------------------+-----------------------------------+
; Assignment Name                     ; Value                                  ; Default Value   ; Entity Name         ; Section Id                        ;
+-------------------------------------+----------------------------------------+-----------------+---------------------+-----------------------------------+
; COMPILER_SIGNATURE_ID               ; 167731900072275.175686423411316        ; --              ; --                  ; --                                ;
; EDA_GENERATE_FUNCTIONAL_NETLIST     ; Off                                    ; --              ; --                  ; eda_board_design_timing           ;
; EDA_GENERATE_FUNCTIONAL_NETLIST     ; Off                                    ; --              ; --                  ; eda_board_design_boundary_scan    ;
; EDA_GENERATE_FUNCTIONAL_NETLIST     ; Off                                    ; --              ; --                  ; eda_board_design_signal_integrity ;
; EDA_GENERATE_FUNCTIONAL_NETLIST     ; Off                                    ; --              ; --                  ; eda_board_design_symbol           ;
; EDA_OUTPUT_DATA_FORMAT              ; Verilog Hdl                            ; --              ; --                  ; eda_simulation                    ;
; EDA_SIMULATION_TOOL                 ; Questa Intel FPGA (Verilog)            ; <None>          ; --                  ; --                                ;
; EDA_TIME_SCALE                      ; 1 ps                                   ; --              ; --                  ; eda_simulation                    ;
; PARTITION_COLOR                     ; -- (Not supported for targeted family) ; --              ; Introducao_FPGA_And ; Top                               ;
; PARTITION_FITTER_PRESERVATION_LEVEL ; -- (Not supported for targeted family) ; --              ; Introducao_FPGA_And ; Top                               ;
; PARTITION_NETLIST_TYPE              ; -- (Not supported for targeted family) ; --              ; Introducao_FPGA_And ; Top                               ;
; PROJECT_OUTPUT_DIRECTORY            ; output_files                           ; --              ; --                  ; --                                ;
; TOP_LEVEL_ENTITY                    ; Introducao_FPGA_And                    ; Introducao_FPGA ; --                  ; --                                ;
+-------------------------------------+----------------------------------------+-----------------+---------------------+-----------------------------------+


+--------------------------------------------------------------------------------------------------------------------------+
; Flow Elapsed Time                                                                                                        ;
+----------------------+--------------+-------------------------+---------------------+------------------------------------+
; Module Name          ; Elapsed Time ; Average Processors Used ; Peak Virtual Memory ; Total CPU Time (on all processors) ;
+----------------------+--------------+-------------------------+---------------------+------------------------------------+
; Analysis & Synthesis ; 00:00:12     ; 1.0                     ; 4802 MB             ; 00:00:24                           ;
; Fitter               ; 00:00:09     ; 1.0                     ; 5949 MB             ; 00:00:06                           ;
; Assembler            ; 00:00:01     ; 1.0                     ; 4718 MB             ; 00:00:01                           ;
; Timing Analyzer      ; 00:00:01     ; 1.0                     ; 4853 MB             ; 00:00:01                           ;
; EDA Netlist Writer   ; 00:00:01     ; 1.0                     ; 4658 MB             ; 00:00:00                           ;
; EDA Netlist Writer   ; 00:00:00     ; 1.0                     ; 4656 MB             ; 00:00:01                           ;
; EDA Netlist Writer   ; 00:00:00     ; 1.0                     ; 4656 MB             ; 00:00:00                           ;
; EDA Netlist Writer   ; 00:00:01     ; 1.0                     ; 4656 MB             ; 00:00:00                           ;
; EDA Netlist Writer   ; 00:00:00     ; 1.0                     ; 4656 MB             ; 00:00:00                           ;
; EDA Netlist Writer   ; 00:00:00     ; 1.0                     ; 4656 MB             ; 00:00:00                           ;
; EDA Netlist Writer   ; 00:00:01     ; 1.0                     ; 4656 MB             ; 00:00:00                           ;
; EDA Netlist Writer   ; 00:00:00     ; 1.0                     ; 4656 MB             ; 00:00:00                           ;
; EDA Netlist Writer   ; 00:00:00     ; 1.0                     ; 4656 MB             ; 00:00:00                           ;
; EDA Netlist Writer   ; 00:00:00     ; 1.0                     ; 4657 MB             ; 00:00:01                           ;
; EDA Netlist Writer   ; 00:00:01     ; 1.0                     ; 4656 MB             ; 00:00:00                           ;
; EDA Netlist Writer   ; 00:00:00     ; 1.0                     ; 4657 MB             ; 00:00:00                           ;
; Total                ; 00:00:27     ; --                      ; --                  ; 00:00:34                           ;
+----------------------+--------------+-------------------------+---------------------+------------------------------------+


+------------------------------------------------------------------------------------+
; Flow OS Summary                                                                    ;
+----------------------+------------------+------------+------------+----------------+
; Module Name          ; Machine Hostname ; OS Name    ; OS Version ; Processor type ;
+----------------------+------------------+------------+------------+----------------+
; Analysis & Synthesis ; BOOK-M9ASLQI2KP  ; Windows 10 ; 10.0       ; x86_64         ;
; Fitter               ; BOOK-M9ASLQI2KP  ; Windows 10 ; 10.0       ; x86_64         ;
; Assembler            ; BOOK-M9ASLQI2KP  ; Windows 10 ; 10.0       ; x86_64         ;
; Timing Analyzer      ; BOOK-M9ASLQI2KP  ; Windows 10 ; 10.0       ; x86_64         ;
; EDA Netlist Writer   ; BOOK-M9ASLQI2KP  ; Windows 10 ; 10.0       ; x86_64         ;
; EDA Netlist Writer   ; BOOK-M9ASLQI2KP  ; Windows 10 ; 10.0       ; x86_64         ;
; EDA Netlist Writer   ; BOOK-M9ASLQI2KP  ; Windows 10 ; 10.0       ; x86_64         ;
; EDA Netlist Writer   ; BOOK-M9ASLQI2KP  ; Windows 10 ; 10.0       ; x86_64         ;
; EDA Netlist Writer   ; BOOK-M9ASLQI2KP  ; Windows 10 ; 10.0       ; x86_64         ;
; EDA Netlist Writer   ; BOOK-M9ASLQI2KP  ; Windows 10 ; 10.0       ; x86_64         ;
; EDA Netlist Writer   ; BOOK-M9ASLQI2KP  ; Windows 10 ; 10.0       ; x86_64         ;
; EDA Netlist Writer   ; BOOK-M9ASLQI2KP  ; Windows 10 ; 10.0       ; x86_64         ;
; EDA Netlist Writer   ; BOOK-M9ASLQI2KP  ; Windows 10 ; 10.0       ; x86_64         ;
; EDA Netlist Writer   ; BOOK-M9ASLQI2KP  ; Windows 10 ; 10.0       ; x86_64         ;
; EDA Netlist Writer   ; BOOK-M9ASLQI2KP  ; Windows 10 ; 10.0       ; x86_64         ;
; EDA Netlist Writer   ; BOOK-M9ASLQI2KP  ; Windows 10 ; 10.0       ; x86_64         ;
+----------------------+------------------+------------+------------+----------------+


------------
; Flow Log ;
------------
quartus_map --read_settings_files=on --write_settings_files=off Introducao_FPGA -c Introducao_FPGA
quartus_fit --read_settings_files=off --write_settings_files=off Introducao_FPGA -c Introducao_FPGA
quartus_asm --read_settings_files=off --write_settings_files=off Introducao_FPGA -c Introducao_FPGA
quartus_sta Introducao_FPGA -c Introducao_FPGA
quartus_eda --read_settings_files=off --write_settings_files=off Introducao_FPGA -c Introducao_FPGA
quartus_eda --gen_testbench --tool=modelsim_oem --format=verilog --write_settings_files=off Introducao_FPGA -c Introducao_FPGA --vector_source=C:/Users/jpsza/OneDrive/Documentos/GitHub/Pessoal/LabCD-Unifesp/Aula01/Waveform.vwf --testbench_file=C:/Users/jpsza/OneDrive/Documentos/GitHub/Pessoal/LabCD-Unifesp/Aula01/simulation/qsim/Waveform.vwf.vt
quartus_eda --gen_testbench --tool=modelsim_oem --format=verilog --write_settings_files=off Introducao_FPGA -c Introducao_FPGA --vector_source=C:/Users/jpsza/OneDrive/Documentos/GitHub/Pessoal/LabCD-Unifesp/Aula01/Waveform.vwf --testbench_file=C:/Users/jpsza/OneDrive/Documentos/GitHub/Pessoal/LabCD-Unifesp/Aula01/simulation/qsim/Waveform.vwf.vt
quartus_eda --gen_testbench --tool=modelsim_oem --format=verilog --write_settings_files=off Introducao_FPGA -c Introducao_FPGA --vector_source=C:/Users/jpsza/OneDrive/Documentos/GitHub/Pessoal/LabCD-Unifesp/Aula01/Waveform.vwf --testbench_file=C:/Users/jpsza/OneDrive/Documentos/GitHub/Pessoal/LabCD-Unifesp/Aula01/simulation/qsim/Waveform.vwf.vt
quartus_eda --gen_testbench --tool=modelsim_oem --format=verilog --write_settings_files=off Introducao_FPGA -c Introducao_FPGA --vector_source=C:/Users/jpsza/OneDrive/Documentos/GitHub/Pessoal/LabCD-Unifesp/Aula01/Waveform.vwf --testbench_file=C:/Users/jpsza/OneDrive/Documentos/GitHub/Pessoal/LabCD-Unifesp/Aula01/simulation/qsim/Waveform.vwf.vt
quartus_eda --gen_testbench --tool=modelsim_oem --format=verilog --write_settings_files=off Introducao_FPGA -c Introducao_FPGA --vector_source=C:/Users/jpsza/OneDrive/Documentos/GitHub/Pessoal/LabCD-Unifesp/Aula01/Waveform.vwf --testbench_file=C:/Users/jpsza/OneDrive/Documentos/GitHub/Pessoal/LabCD-Unifesp/Aula01/simulation/qsim/Waveform_And.vwf.vt
quartus_eda --gen_testbench --tool=modelsim_oem --format=verilog --write_settings_files=off Introducao_FPGA -c Introducao_FPGA --vector_source=C:/Users/jpsza/OneDrive/Documentos/GitHub/Pessoal/LabCD-Unifesp/Aula01/Waveform.vwf --testbench_file=C:/Users/jpsza/OneDrive/Documentos/GitHub/Pessoal/LabCD-Unifesp/Aula01/simulation/qsim/Waveform_And.vwf.vt
quartus_eda --gen_testbench --tool=modelsim_oem --format=verilog --write_settings_files=off Introducao_FPGA -c Introducao_FPGA --vector_source=C:/Users/jpsza/OneDrive/Documentos/GitHub/Pessoal/LabCD-Unifesp/Aula01/Waveform.vwf --testbench_file=C:/Users/jpsza/OneDrive/Documentos/GitHub/Pessoal/LabCD-Unifesp/Aula01/simulation/qsim/Waveform_And.vwf.vt
quartus_eda --gen_testbench --tool=modelsim_oem --format=verilog --write_settings_files=off Introducao_FPGA -c Introducao_FPGA --vector_source=C:/Users/jpsza/OneDrive/Documentos/GitHub/Pessoal/LabCD-Unifesp/Aula01/Waveform.vwf --testbench_file=C:/Users/jpsza/OneDrive/Documentos/GitHub/Pessoal/LabCD-Unifesp/Aula01/simulation/qsim/Waveform.vwf.vt
quartus_eda --write_settings_files=off --simulation=on --functional=on --flatten_buses=off --tool=modelsim_oem --format=verilog --output_directory=C:/Users/jpsza/OneDrive/Documentos/GitHub/Pessoal/LabCD-Unifesp/Aula01/simulation/qsim/ Introducao_FPGA -c Introducao_FPGA
quartus_eda --gen_testbench --tool=modelsim_oem --format=verilog --write_settings_files=off Introducao_FPGA -c Introducao_FPGA --vector_source=C:/Users/jpsza/OneDrive/Documentos/GitHub/Pessoal/LabCD-Unifesp/Aula01/Waveform.vwf --testbench_file=C:/Users/jpsza/OneDrive/Documentos/GitHub/Pessoal/LabCD-Unifesp/Aula01/simulation/qsim/Waveform.vwf.vt
quartus_eda --write_settings_files=off --simulation=on --functional=on --flatten_buses=off --tool=modelsim_oem --format=verilog --output_directory=C:/Users/jpsza/OneDrive/Documentos/GitHub/Pessoal/LabCD-Unifesp/Aula01/simulation/qsim/ Introducao_FPGA -c Introducao_FPGA



